Command line:
   memory_tb_isim_beh.exe
     -simmode  gui
     -simrunnum  0
     -socket  49992

Fri Nov 08 16:41:47 2019


 Elaboration Time: 0.171875 sec

 Current Memory Usage: 1014.28 Meg

 Total Signals          : 19
 Total Nets             : 40
 Total Signal Drivers   : 11
 Total Blocks           : 3
 Total Primitive Blocks : 2
 Total Processes        : 14
 Total Traceable Variables  : 25
 Total Scalar Nets and Variables : 2195
Total Line Count : 42

 Total Simulation Time: 0.171875 sec

 Current Memory Usage: 856.949 Meg

Fri Nov 08 16:42:40 2019

