Command line:
   dckttb_isim_beh.exe
     -simmode  gui
     -simrunnum  0
     -socket  50367

Fri Aug 02 16:53:01 2019


 Elaboration Time: 0.140625 sec

 Current Memory Usage: 1171.65 Meg

 Total Signals          : 21
 Total Nets             : 77
 Total Signal Drivers   : 13
 Total Blocks           : 3
 Total Primitive Blocks : 2
 Total Processes        : 16
 Total Traceable Variables  : 26
 Total Scalar Nets and Variables : 221
Total Line Count : 53

 Total Simulation Time: 0.171875 sec

 Current Memory Usage: 857.031 Meg

Fri Aug 02 16:53:54 2019

