Command line:
   fff_isim_beh.exe
     -simmode  gui
     -simrunnum  0
     -socket  50735

Fri Sep 13 16:26:58 2019


 Elaboration Time: 0.234375 sec

 Current Memory Usage: 1167.46 Meg

 Total Signals          : 15
 Total Nets             : 34
 Total Signal Drivers   : 7
 Total Blocks           : 3
 Total Primitive Blocks : 2
 Total Processes        : 10
 Total Traceable Variables  : 21
 Total Scalar Nets and Variables : 167
Total Line Count : 25

 Total Simulation Time: 0.234375 sec

 Current Memory Usage: 1167.43 Meg

Fri Sep 13 16:27:32 2019

