Command line:
   lab111_isim_beh.exe
     -simmode  gui
     -simrunnum  0
     -socket  52832

Fri Nov 01 16:14:02 2019


 Elaboration Time: 0.390625 sec

 Current Memory Usage: 5816.65 Meg

 Total Signals          : 23
 Total Nets             : 35
 Total Signal Drivers   : 15
 Total Blocks           : 3
 Total Primitive Blocks : 2
 Total Processes        : 20
 Total Traceable Variables  : 50
 Total Scalar Nets and Variables : 225
Total Line Count : 238

 Total Simulation Time: 0.390625 sec

 Current Memory Usage: 4715.61 Meg

Fri Nov 01 16:17:18 2019

