Release 14.7 - xst P.20131013 (nt64)
Copyright (c) 1995-2013 Xilinx, Inc.  All rights reserved.
--> Parameter TMPDIR set to xst/projnav.tmp


Total REAL time to Xst completion: 0.00 secs
Total CPU time to Xst completion: 0.07 secs
 
--> Parameter xsthdpdir set to xst


Total REAL time to Xst completion: 0.00 secs
Total CPU time to Xst completion: 0.07 secs
 
--> Reading design: count1.prj

TABLE OF CONTENTS
  1) Synthesis Options Summary
  2) HDL Compilation
  3) Design Hierarchy Analysis
  4) HDL Analysis
  5) HDL Synthesis
     5.1) HDL Synthesis Report
  6) Advanced HDL Synthesis
     6.1) Advanced HDL Synthesis Report
  7) Low Level Synthesis
  8) Partition Report
  9) Final Report
	9.1) Device utilization summary
	9.2) Partition Resource Summary
	9.3) TIMING REPORT


=========================================================================
*                      Synthesis Options Summary                        *
=========================================================================
---- Source Parameters
Input File Name                    : "count1.prj"
Input Format                       : mixed
Ignore Synthesis Constraint File   : NO

---- Target Parameters
Output File Name                   : "count1"
Output Format                      : NGC
Target Device                      : xc4vfx12-12-sf363

---- Source Options
Top Module Name                    : count1
Automatic FSM Extraction           : YES
FSM Encoding Algorithm             : Auto
Safe Implementation                : No
FSM Style                          : LUT
RAM Extraction                     : Yes
RAM Style                          : Auto
ROM Extraction                     : Yes
Mux Style                          : Auto
Decoder Extraction                 : YES
Priority Encoder Extraction        : Yes
Shift Register Extraction          : YES
Logical Shifter Extraction         : YES
XOR Collapsing                     : YES
ROM Style                          : Auto
Mux Extraction                     : Yes
Resource Sharing                   : YES
Asynchronous To Synchronous        : NO
Use DSP Block                      : Auto
Automatic Register Balancing       : No

---- Target Options
Add IO Buffers                     : YES
Global Maximum Fanout              : 500
Add Generic Clock Buffer(BUFG)     : 32
Number of Regional Clock Buffers   : 16
Register Duplication               : YES
Slice Packing                      : YES
Optimize Instantiated Primitives   : NO
Use Clock Enable                   : Auto
Use Synchronous Set                : Auto
Use Synchronous Reset              : Auto
Pack IO Registers into IOBs        : Auto
Equivalent register Removal        : YES

---- General Options
Optimization Goal                  : Speed
Optimization Effort                : 1
Power Reduction                    : NO
Keep Hierarchy                     : No
Netlist Hierarchy                  : As_Optimized
RTL Output                         : Yes
Global Optimization                : AllClockNets
Read Cores                         : YES
Write Timing Constraints           : NO
Cross Clock Analysis               : NO
Hierarchy Separator                : /
Bus Delimiter                      : <>
Case Specifier                     : Maintain
Slice Utilization Ratio            : 100
BRAM Utilization Ratio             : 100
DSP48 Utilization Ratio            : 100
Verilog 2001                       : YES
Auto BRAM Packing                  : NO
Slice Utilization Ratio Delta      : 5

=========================================================================


=========================================================================
*                          HDL Compilation                              *
=========================================================================
Compiling verilog file "count22.v" in library work
Module <count1> compiled
No errors in compilation
Analysis of file <"count1.prj"> succeeded.
 

=========================================================================
*                     Design Hierarchy Analysis                         *
=========================================================================
Analyzing hierarchy for module <count1> in library <work>.


=========================================================================
*                            HDL Analysis                               *
=========================================================================
Analyzing top module <count1>.
Module <count1> is correct for synthesis.
 

=========================================================================
*                           HDL Synthesis                               *
=========================================================================

Performing bidirectional port resolution...

Synthesizing Unit <count1>.
    Related source file is "count22.v".
    Found 5-bit adder for signal <old_ones_10$addsub0000> created at line 32.
    Found 5-bit adder for signal <old_ones_11$addsub0000> created at line 32.
    Found 5-bit adder for signal <old_ones_12$addsub0000> created at line 32.
    Found 5-bit adder for signal <old_ones_13$addsub0000> created at line 32.
    Found 5-bit adder for signal <old_ones_14$addsub0000> created at line 32.
    Found 5-bit adder for signal <old_ones_15$addsub0000> created at line 32.
    Found 5-bit adder for signal <old_ones_2$addsub0000> created at line 32.
    Found 5-bit adder for signal <old_ones_3$addsub0000> created at line 32.
    Found 5-bit adder for signal <old_ones_4$addsub0000> created at line 32.
    Found 5-bit adder for signal <old_ones_5$addsub0000> created at line 32.
    Found 5-bit adder for signal <old_ones_6$addsub0000> created at line 32.
    Found 5-bit adder for signal <old_ones_7$addsub0000> created at line 32.
    Found 5-bit adder for signal <old_ones_8$addsub0000> created at line 32.
    Found 5-bit adder for signal <old_ones_9$addsub0000> created at line 32.
    Found 5-bit adder for signal <ones$addsub0000> created at line 32.
    Summary:
	inferred  15 Adder/Subtractor(s).
Unit <count1> synthesized.


=========================================================================
HDL Synthesis Report

Macro Statistics
# Adders/Subtractors                                   : 15
 5-bit adder                                           : 15

=========================================================================

=========================================================================
*                       Advanced HDL Synthesis                          *
=========================================================================


=========================================================================
Advanced HDL Synthesis Report

Macro Statistics
# Adders/Subtractors                                   : 15
 5-bit adder                                           : 15

=========================================================================

=========================================================================
*                         Low Level Synthesis                           *
=========================================================================

Optimizing unit <count1> ...

Mapping all equations...
Building and optimizing final netlist ...
Found area constraint ratio of 100 (+ 5) on block count1, actual ratio is 0.

Final Macro Processing ...

=========================================================================
Final Register Report

Found no macro
=========================================================================

=========================================================================
*                           Partition Report                            *
=========================================================================

Partition Implementation Status
-------------------------------

  No Partitions were found in this design.

-------------------------------

=========================================================================
*                            Final Report                               *
=========================================================================
Final Results
RTL Top Level Output File Name     : count1.ngr
Top Level Output File Name         : count1
Output Format                      : NGC
Optimization Goal                  : Speed
Keep Hierarchy                     : No

Design Statistics
# IOs                              : 21

Cell Usage :
# BELS                             : 76
#      GND                         : 1
#      LUT3                        : 26
#      LUT4                        : 47
#      MUXF5                       : 2
# IO Buffers                       : 21
#      IBUF                        : 16
#      OBUF                        : 5
=========================================================================

Device utilization summary:
---------------------------

Selected Device : 4vfx12sf363-12 

 Number of Slices:                       42  out of   5472     0%  
 Number of 4 input LUTs:                 73  out of  10944     0%  
 Number of IOs:                          21
 Number of bonded IOBs:                  21  out of    240     8%  

---------------------------
Partition Resource Summary:
---------------------------

  No Partitions were found in this design.

---------------------------


=========================================================================
TIMING REPORT

NOTE: THESE TIMING NUMBERS ARE ONLY A SYNTHESIS ESTIMATE.
      FOR ACCURATE TIMING INFORMATION PLEASE REFER TO THE TRACE REPORT
      GENERATED AFTER PLACE-and-ROUTE.

Clock Information:
------------------
No clock signals found in this design

Asynchronous Control Signals Information:
----------------------------------------
No asynchronous control signals found in this design

Timing Summary:
---------------
Speed Grade: -12

   Minimum period: No path found
   Minimum input arrival time before clock: No path found
   Maximum output required time after clock: No path found
   Maximum combinational path delay: 13.532ns

Timing Detail:
--------------
All values displayed in nanoseconds (ns)

=========================================================================
Timing constraint: Default path analysis
  Total number of paths / destination ports: 10335 / 5
-------------------------------------------------------------------------
Delay:               13.532ns (Levels of Logic = 16)
  Source:            a<1> (PAD)
  Destination:       ones<3> (PAD)

  Data Path: a<1> to ones<3>
                                Gate     Net
    Cell:in->out      fanout   Delay   Delay  Logical Name (Net Name)
    ----------------------------------------  ------------
     IBUF:I->O             3   0.754   0.525  a_1_IBUF (a_1_IBUF)
     LUT3:I0->O            5   0.147   0.571  _old_ones_3<0>1 (Madd_old_ones_4_addsub0000_cy<0>)
     LUT4:I0->O            2   0.147   0.527  _old_ones_5<2>1 (Madd_old_ones_6_addsub0000_lut<2>)
     LUT3:I0->O            3   0.147   0.399  _old_ones_6<2>1 (Madd_old_ones_7_addsub0000_lut<2>)
     LUT4:I3->O            1   0.147   0.436  Madd_old_ones_7_addsub0000_cy<2>11 (Madd_old_ones_7_addsub0000_cy<2>)
     LUT3:I1->O            2   0.147   0.527  _old_ones_7<3>1 (Madd_old_ones_8_addsub0000_lut<3>)
     LUT3:I0->O            2   0.147   0.527  _old_ones_8<3>1 (Madd_old_ones_9_addsub0000_lut<3>)
     LUT3:I0->O            2   0.147   0.527  _old_ones_9<3>1 (Madd_old_ones_10_addsub0000_lut<3>)
     LUT3:I0->O            2   0.147   0.527  _old_ones_10<3>1 (Madd_old_ones_11_addsub0000_lut<3>)
     LUT3:I0->O            2   0.147   0.527  _old_ones_11<3>1 (Madd_old_ones_12_addsub0000_lut<3>)
     LUT3:I0->O            2   0.147   0.527  _old_ones_12<3>1 (Madd_old_ones_13_addsub0000_lut<3>)
     LUT3:I0->O            2   0.147   0.527  _old_ones_13<3>1 (Madd_old_ones_14_addsub0000_lut<3>)
     LUT3:I0->O            2   0.147   0.527  _old_ones_14<3>1 (Madd_old_ones_15_addsub0000_lut<3>)
     LUT3:I0->O            2   0.147   0.527  _old_ones_15<3>1 (Madd_ones_addsub0000_lut<3>)
     LUT3:I0->O            1   0.147   0.266  ones<3>1 (ones_3_OBUF)
     OBUF:I->O                 3.255          ones_3_OBUF (ones<3>)
    ----------------------------------------
    Total                     13.532ns (6.067ns logic, 7.465ns route)
                                       (44.8% logic, 55.2% route)

=========================================================================


Total REAL time to Xst completion: 5.00 secs
Total CPU time to Xst completion: 5.52 secs
 
--> 

Total memory usage is 265140 kilobytes

Number of errors   :    0 (   0 filtered)
Number of warnings :    0 (   0 filtered)
Number of infos    :    0 (   0 filtered)

